<?xml version="1.0" encoding="UTF-8"?>
<testsuite name="TestSuite" time="104.123" tests="2" errors="0" skipped="0" failures="0">
  <properties>
    <property name="JOB_NAME" value="inetBankingV1_MavenProject"/>
    <property name="java.vendor" value="Oracle Corporation"/>
    <property name="sun.java.launcher" value="SUN_STANDARD"/>
    <property name="NUMBER_OF_PROCESSORS" value="4"/>
    <property name="sun.management.compiler" value="HotSpot 64-Bit Tiered Compilers"/>
    <property name="JENKINS_HOME" value="E:\Jenk"/>
    <property name="HUDSON_SERVER_COOKIE" value="62d95a86e19f17fc"/>
    <property name="os.name" value="Windows 10"/>
    <property name="EXECUTOR_NUMBER" value="1"/>
    <property name="sun.desktop" value="windows"/>
    <property name="PATHEXT" value=".COM;.EXE;.BAT;.CMD;.VBS;.VBE;.JS;.JSE;.WSF;.WSH;.MSC"/>
    <property name="java.vm.specification.vendor" value="Oracle Corporation"/>
    <property name="TEMP" value="C:\Windows\TEMP"/>
    <property name="NODE_LABELS" value="master"/>
    <property name="java.runtime.version" value="11+28"/>
    <property name="WINSW_SERVICE_ID" value="Jenkins"/>
    <property name="user.name" value="DESKTOP-D5AHAEQ$"/>
    <property name="guice.disable.misplaced.annotation.check" value="true"/>
    <property name="CommonProgramW6432" value="C:\Program Files\Common Files"/>
    <property name="ProgramFiles" value="C:\Program Files (x86)"/>
    <property name="user.language" value="en"/>
    <property name="JOB_BASE_NAME" value="inetBankingV1_MavenProject"/>
    <property name="RUN_CHANGES_DISPLAY_URL" value="http://localhost:8080/job/inetBankingV1_MavenProject/4/display/redirect?page=changes"/>
    <property name="BUILD_DISPLAY_NAME" value="#4"/>
    <property name="sun.boot.library.path" value="C:\Program Files\Java\jdk-11\bin"/>
    <property name="java.vm.compressedOopsMode" value="32-bit"/>
    <property name="LOCALAPPDATA" value="C:\Windows\system32\config\systemprofile\AppData\Local"/>
    <property name="java.version" value="11"/>
    <property name="user.timezone" value="Asia/Calcutta"/>
    <property name="PROCESSOR_LEVEL" value="6"/>
    <property name="USERNAME" value="DESKTOP-D5AHAEQ$"/>
    <property name="sun.arch.data.model" value="64"/>
    <property name="PROCESSOR_ARCHITEW6432" value="AMD64"/>
    <property name="NODE_NAME" value="master"/>
    <property name="BUILD_ID" value="4"/>
    <property name="sun.cpu.isalist" value="amd64"/>
    <property name="sun.jnu.encoding" value="Cp1252"/>
    <property name="maven.conf" value="C:\apache-maven-3.6.3-bin\conf"/>
    <property name="file.separator" value="\"/>
    <property name="java.specification.name" value="Java Platform API Specification"/>
    <property name="java.class.version" value="55.0"/>
    <property name="org.slf4j.simpleLogger.defaultLogLevel" value="info"/>
    <property name="user.country" value="US"/>
    <property name="ALLUSERSPROFILE" value="C:\ProgramData"/>
    <property name="java.home" value="C:\Program Files\Java\jdk-11"/>
    <property name="java.vm.info" value="mixed mode"/>
    <property name="os.version" value="10.0"/>
    <property name="RUN_DISPLAY_URL" value="http://localhost:8080/job/inetBankingV1_MavenProject/4/display/redirect"/>
    <property name="TMP" value="C:\Windows\TEMP"/>
    <property name="path.separator" value=";"/>
    <property name="java.vm.version" value="11+28"/>
    <property name="user.variant" value=""/>
    <property name="CommonProgramFiles(x86)" value="C:\Program Files (x86)\Common Files"/>
    <property name="JOB_DISPLAY_URL" value="http://localhost:8080/job/inetBankingV1_MavenProject/display/redirect"/>
    <property name="java.awt.printerjob" value="sun.awt.windows.WPrinterJob"/>
    <property name="CommonProgramFiles" value="C:\Program Files (x86)\Common Files"/>
    <property name="JAVA_HOME" value="C:\Program Files\Java\jdk-11\"/>
    <property name="sun.io.unicode.encoding" value="UnicodeLittle"/>
    <property name="ComSpec" value="C:\Windows\system32\cmd.exe"/>
    <property name="awt.toolkit" value="sun.awt.windows.WToolkit"/>
    <property name="SERVICE_ID" value="Jenkins"/>
    <property name="COMPUTERNAME" value="DESKTOP-D5AHAEQ"/>
    <property name="user.script" value=""/>
    <property name="user.home" value="C:\Windows\system32\config\systemprofile"/>
    <property name="PUBLIC" value="C:\Users\Public"/>
    <property name="BUILD_TAG" value="jenkins-inetBankingV1_MavenProject-4"/>
    <property name="JENKINS_SERVER_COOKIE" value="62d95a86e19f17fc"/>
    <property name="HUDSON_URL" value="http://localhost:8080/"/>
    <property name="ProgramData" value="C:\ProgramData"/>
    <property name="java.version.date" value="2018-09-25"/>
    <property name="java.specification.vendor" value="Oracle Corporation"/>
    <property name="USERPROFILE" value="C:\Windows\system32\config\systemprofile"/>
    <property name="CLASSPATH" value=""/>
    <property name="java.library.path" value="C:\Program Files\Java\jdk-11\bin;C:\Windows\Sun\Java\bin;C:\Windows\system32;C:\Windows;C:\apache-maven-3.6.3-bin\/bin;C:\Program Files\Java\jdk-11\/bin;C:\Program Files\Java\jdk-11\/bin;C:\Windows\system32;C:\Windows;C:\Windows\System32\Wbem;C:\Windows\System32\WindowsPowerShell\v1.0\;C:\Python32;C:\Python32\Lib;C:\Program Files\Java\jdk-13.0.1;E:\apache-maven-3.6.2-bin\apache-maven-3.6.2;C:\Program Files\Java\jdk-11\bin;C:\apache-maven-3.6.3-bin\apache-maven-3.6.3\bin;C:\apache-maven-3.6.3-bin\apache-maven-3.6.3\bin;."/>
    <property name="java.vendor.url" value="http://java.oracle.com/"/>
    <property name="java.vm.vendor" value="Oracle Corporation"/>
    <property name="APPDATA" value="C:\Windows\system32\config\systemprofile\AppData\Roaming"/>
    <property name="java.runtime.name" value="Java(TM) SE Runtime Environment"/>
    <property name="maven.home" value="C:\apache-maven-3.6.3-bin"/>
    <property name="java.class.path" value="E:\Jenk\plugins\maven-plugin\WEB-INF\lib\maven35-agent-1.13.jar;C:\apache-maven-3.6.3-bin\boot\plexus-classworlds-2.6.0.jar;C:\apache-maven-3.6.3-bin/conf/logging"/>
    <property name="sun.java.command" value="jenkins.maven3.agent.Maven35Main C:\apache-maven-3.6.3-bin\ E:\Jenk\war\WEB-INF\lib\remoting-4.2.1.jar E:\Jenk\plugins\maven-plugin\WEB-INF\lib\maven35-interceptor-1.13.jar E:\Jenk\plugins\maven-plugin\WEB-INF\lib\maven3-interceptor-commons-1.13.jar 53808"/>
    <property name="Path" value="C:\Program Files\Java\jdk-11\/bin;C:\Windows\system32;C:\Windows;C:\Windows\System32\Wbem;C:\Windows\System32\WindowsPowerShell\v1.0\;C:\Python32;C:\Python32\Lib;C:\Program Files\Java\jdk-13.0.1;E:\apache-maven-3.6.2-bin\apache-maven-3.6.2;C:\Program Files\Java\jdk-11\bin;C:\apache-maven-3.6.3-bin\apache-maven-3.6.3\bin;C:\apache-maven-3.6.3-bin\apache-maven-3.6.3\bin"/>
    <property name="jdk.debug" value="release"/>
    <property name="PROCESSOR_ARCHITECTURE" value="x86"/>
    <property name="java.vm.specification.name" value="Java Virtual Machine Specification"/>
    <property name="PATH+JDK" value="C:\Program Files\Java\jdk-11\/bin"/>
    <property name="PROCESSOR_IDENTIFIER" value="Intel64 Family 6 Model 78 Stepping 3, GenuineIntel"/>
    <property name="java.vm.specification.version" value="11"/>
    <property name="M2_HOME" value="C:\apache-maven-3.6.3-bin\"/>
    <property name="sun.cpu.endian" value="little"/>
    <property name="sun.os.patch.level" value=""/>
    <property name="OS" value="Windows_NT"/>
    <property name="java.io.tmpdir" value="C:\Windows\TEMP\"/>
    <property name="HUDSON_HOME" value="E:\Jenk"/>
    <property name="PATH+MAVEN" value="C:\apache-maven-3.6.3-bin\/bin"/>
    <property name="ProgramFiles(x86)" value="C:\Program Files (x86)"/>
    <property name="java.vendor.url.bug" value="http://bugreport.java.com/bugreport/"/>
    <property name="BUILD_URL" value="http://localhost:8080/job/inetBankingV1_MavenProject/4/"/>
    <property name="SystemRoot" value="C:\Windows"/>
    <property name="os.arch" value="amd64"/>
    <property name="java.awt.graphicsenv" value="sun.awt.Win32GraphicsEnvironment"/>
    <property name="user.dir" value="E:\Sdet\inetBankingV1"/>
    <property name="JOB_URL" value="http://localhost:8080/job/inetBankingV1_MavenProject/"/>
    <property name="USERDOMAIN" value="WORKGROUP"/>
    <property name="MAVEN_HOME" value="C:\apache-maven-3.6.3-bin\"/>
    <property name="line.separator" value="&#10;"/>
    <property name="java.vm.name" value="Java HotSpot(TM) 64-Bit Server VM"/>
    <property name="BASE" value="E:\Jenk"/>
    <property name="BUILD_NUMBER" value="4"/>
    <property name="PROCESSOR_REVISION" value="4e03"/>
    <property name="JENKINS_URL" value="http://localhost:8080/"/>
    <property name="ProgramW6432" value="C:\Program Files"/>
    <property name="windir" value="C:\Windows"/>
    <property name="file.encoding" value="Cp1252"/>
    <property name="SystemDrive" value="C:"/>
    <property name="maven3.interceptor" value="E:\Jenk\plugins\maven-plugin\WEB-INF\lib\maven35-interceptor-1.13.jar"/>
    <property name="WORKSPACE_TMP" value="E:\Jenk\workspace\inetBankingV1_MavenProject@tmp"/>
    <property name="WORKSPACE" value="E:\Jenk\workspace\inetBankingV1_MavenProject"/>
    <property name="maven3.interceptor.common" value="E:\Jenk\plugins\maven-plugin\WEB-INF\lib\maven3-interceptor-commons-1.13.jar"/>
    <property name="WINSW_EXECUTABLE" value="E:\Jenk\jenkins.exe"/>
    <property name="PSModulePath" value="C:\Windows\system32\WindowsPowerShell\v1.0\Modules\"/>
    <property name="java.specification.version" value="11"/>
    <property name="java.vendor.version" value="18.9"/>
  </properties>
  <testcase name="loginTest" classname="com.inetBanking.testcases.TCLoginTest_001" time="80.498"/>
  <testcase name="addNewCustomer" classname="com.inetBanking.testcases.TC_AddCustomerTest_003" time="23.625"/>
</testsuite>