<?xml version="1.0" encoding="UTF-8"?>
<!-- Generated by org.testng.reporters.JUnitReportReporter -->
<testsuite hostname="DESKTOP-D5AHAEQ" failures="0" tests="1" name="com.inetBanking.testcases.TCLoginTest_001" time="80.601" errors="0" timestamp="2020-06-07T11:16:27 IST" skipped="0">
  <testcase classname="com.inetBanking.testcases.TCLoginTest_001" name="loginTest" time="80.601"/>
  <system-out/>
</testsuite> <!-- com.inetBanking.testcases.TCLoginTest_001 -->
