<?xml version="1.0" encoding="UTF-8"?>
<!-- Generated by org.testng.reporters.JUnitReportReporter -->
<testsuite hostname="DESKTOP-D5AHAEQ" failures="0" tests="1" name="com.inetBanking.testcases.TC_AddCustomerTest_003" time="23.625" errors="0" timestamp="2020-06-07T11:16:27 IST" skipped="0">
  <testcase classname="com.inetBanking.testcases.TC_AddCustomerTest_003" name="addNewCustomer" time="23.625"/>
  <system-out/>
</testsuite> <!-- com.inetBanking.testcases.TC_AddCustomerTest_003 -->
